<?xml version="1.0" encoding="UTF-8"?>
<!-- Generated by org.testng.reporters.JUnitXMLReporter -->
<testsuite ignored="4" hostname="DESKTOP-03IFQFL" failures="0" tests="2" name="Default test" time="73.9" errors="0" timestamp="2024-10-11T18:15:31 IST">
  <testcase classname="smokeTestCases.SmokeTestCase1" name="invoice" time="27.045"/>
  <testcase classname="smokeTestCases.SmokeTestCase1" name="invoice" time="25.549"/>
  <testcase classname="smokeTestCases.SmokeTestCase1" name="expenseEntries" time="0.0">
    <ignored/>
  </testcase> <!-- expenseEntries -->
  <testcase classname="smokeTestCases.SmokeTestCase1" name="project" time="0.0">
    <ignored/>
  </testcase> <!-- project -->
  <testcase classname="smokeTestCases.SmokeTestCase1" name="addingClients" time="0.0">
    <ignored/>
  </testcase> <!-- addingClients -->
  <testcase classname="smokeTestCases.SmokeTestCase1" name="timeEntries" time="0.0">
    <ignored/>
  </testcase> <!-- timeEntries -->
</testsuite> <!-- Default test -->
