<?xml version="1.0" encoding="UTF-8"?>
<testng-results ignored="0" total="2" passed="2" failed="0" skipped="0">
  <reporter-output>
  </reporter-output>
  <suite started-at="2024-10-11T18:14:17 IST" name="Default suite" finished-at="2024-10-11T18:15:31 IST" duration-ms="73900">
    <groups>
    </groups>
    <test started-at="2024-10-11T18:14:17 IST" name="Default test" finished-at="2024-10-11T18:15:31 IST" duration-ms="73900">
      <class name="smokeTestCases.SmokeTestCase1">
        <test-method is-config="true" signature="loginPage()[pri:0, instance:smokeTestCases.SmokeTestCase1@48e1f6c7]" started-at="2024-10-11T18:14:17 IST" name="loginPage" finished-at="2024-10-11T18:14:38 IST" duration-ms="20753" status="PASS">
          <reporter-output>
          </reporter-output>
        </test-method> <!-- loginPage -->
        <test-method signature="invoice(java.lang.String,java.lang.String,java.lang.String,java.lang.String,java.lang.String,java.lang.String,java.lang.String,java.lang.String,java.lang.String,java.lang.String,java.lang.String)[pri:4, instance:smokeTestCases.SmokeTestCase1@48e1f6c7]" started-at="2024-10-11T18:14:39 IST" name="invoice" data-provider="driveTest" finished-at="2024-10-11T18:15:06 IST" duration-ms="27045" status="PASS">
          <params>
            <param index="0">
              <value>
                <![CDATA[P]]>
              </value>
            </param>
            <param index="1">
              <value>
                <![CDATA[client]]>
              </value>
            </param>
            <param index="2">
              <value>
                <![CDATA[0003]]>
              </value>
            </param>
            <param index="3">
              <value>
                <![CDATA[]]>
              </value>
            </param>
            <param index="4">
              <value>
                <![CDATA[proj 0005]]>
              </value>
            </param>
            <param index="5">
              <value>
                <![CDATA[Design]]>
              </value>
            </param>
            <param index="6">
              <value>
                <![CDATA[02:30 AM]]>
              </value>
            </param>
            <param index="7">
              <value>
                <![CDATA[04:00 AM]]>
              </value>
            </param>
            <param index="8">
              <value>
                <![CDATA[Faxing]]>
              </value>
            </param>
            <param index="9">
              <value>
                <![CDATA[55]]>
              </value>
            </param>
            <param index="10">
              <value>
                <![CDATA[11]]>
              </value>
            </param>
          </params>
          <reporter-output>
          </reporter-output>
        </test-method> <!-- invoice -->
        <test-method signature="invoice(java.lang.String,java.lang.String,java.lang.String,java.lang.String,java.lang.String,java.lang.String,java.lang.String,java.lang.String,java.lang.String,java.lang.String,java.lang.String)[pri:4, instance:smokeTestCases.SmokeTestCase1@48e1f6c7]" started-at="2024-10-11T18:15:06 IST" name="invoice" data-provider="driveTest" finished-at="2024-10-11T18:15:31 IST" duration-ms="25549" status="PASS">
          <params>
            <param index="0">
              <value>
                <![CDATA[O]]>
              </value>
            </param>
            <param index="1">
              <value>
                <![CDATA[]]>
              </value>
            </param>
            <param index="2">
              <value>
                <![CDATA[]]>
              </value>
            </param>
            <param index="3">
              <value>
                <![CDATA[orgn 0003]]>
              </value>
            </param>
            <param index="4">
              <value>
                <![CDATA[proj 0006]]>
              </value>
            </param>
            <param index="5">
              <value>
                <![CDATA[Design]]>
              </value>
            </param>
            <param index="6">
              <value>
                <![CDATA[02:30 AM]]>
              </value>
            </param>
            <param index="7">
              <value>
                <![CDATA[04:00 AM]]>
              </value>
            </param>
            <param index="8">
              <value>
                <![CDATA[Faxing]]>
              </value>
            </param>
            <param index="9">
              <value>
                <![CDATA[55]]>
              </value>
            </param>
            <param index="10">
              <value>
                <![CDATA[11]]>
              </value>
            </param>
          </params>
          <reporter-output>
          </reporter-output>
        </test-method> <!-- invoice -->
      </class> <!-- smokeTestCases.SmokeTestCase1 -->
    </test> <!-- Default test -->
  </suite> <!-- Default suite -->
</testng-results>
